<?xml version="1.0" encoding="UTF-8"?>
<!-- Generated by org.testng.reporters.JUnitReportReporter -->
<testsuite hostname="TTF-MLR-TRISHUL-SHETTY" failures="0" tests="2" name="com.engqa.TDF.TestCases.TDFRestApiConfugrationPageTest" time="3.306" errors="0" timestamp="2024-08-06T22:13:28 IST" skipped="0">
  <testcase classname="com.engqa.TDF.TestCases.TDFRestApiConfugrationPageTest" name="VerifytitleResetapi" time="0.036"/>
  <testcase classname="com.engqa.TDF.TestCases.TDFRestApiConfugrationPageTest" name="EnterRestAPidata" time="3.270"/>
</testsuite> <!-- com.engqa.TDF.TestCases.TDFRestApiConfugrationPageTest -->
