<?xml version="1.0" encoding="UTF-8"?>
<!-- Generated by org.testng.reporters.JUnitReportReporter -->
<testsuite hostname="TTF-MLR-TRISHUL-SHETTY" failures="0" tests="1" name="com.engqa.TDF.TestCases.TDFRestApiConfugrationPage" time="3.558" errors="0" timestamp="2024-07-26T18:16:43 IST" skipped="0">
  <testcase classname="com.engqa.TDF.TestCases.TDFRestApiConfugrationPage" name="setup" time="3.558"/>
  <system-out/>
</testsuite> <!-- com.engqa.TDF.TestCases.TDFRestApiConfugrationPage -->
