<?xml version="1.0" encoding="UTF-8"?>
<!-- Generated by org.testng.reporters.JUnitReportReporter -->
<testsuite hostname="TTF-MLR-TRISHUL-SHETTY" failures="0" tests="4" name="com.engqa.TDF.TestCases.TDFDatasourceConfigurationPageTest" time="25.054" errors="0" timestamp="2024-08-06T22:13:28 IST" skipped="0">
  <testcase classname="com.engqa.TDF.TestCases.TDFDatasourceConfigurationPageTest" name="VerifyTitle" time="8.708"/>
  <testcase classname="com.engqa.TDF.TestCases.TDFDatasourceConfigurationPageTest" name="VerifyTypesofdatasource" time="8.414"/>
  <testcase classname="com.engqa.TDF.TestCases.TDFDatasourceConfigurationPageTest" name="VerifyLogo" time="3.153"/>
  <testcase classname="com.engqa.TDF.TestCases.TDFDatasourceConfigurationPageTest" name="NavigatetoRestAPiPage" time="4.779"/>
</testsuite> <!-- com.engqa.TDF.TestCases.TDFDatasourceConfigurationPageTest -->
